2023-12-12T09:27:38+00:00 INFO Trying to create one_cc_address_sync_cron
2023-12-12T09:27:38+00:00 INFO Failed to create one_cc_address_sync_cron as invalid one cc merchant
2023-12-12T09:27:38+00:00 INFO Attempting to delete one_cc_address_sync_cron, status: cancelled, message: invalid_1cc_merchant
2023-12-12T09:27:38+00:00 INFO Deleted one_cc_address_sync_cron  if exists
2023-12-12T09:27:38+00:00 INFO updateAddressSyncCronData: status=cancelled, message=invalid_1cc_merchant, cronStatus=deleted
2023-12-12T09:27:38+00:00 INFO create one_cc_plugin_sync_cron successful
2023-12-12T09:27:52+00:00 INFO Execute one_cc_plugin_sync_cron successful
2023-12-12T09:27:52+00:00 ERROR 
2023-12-12T09:55:53+00:00 ERROR cURL error 6: Could not resolve host: api.razorpay.com
2023-12-12T12:17:34+00:00 INFO Called process_payment with params order_id 551
2023-12-12T12:17:34+00:00 INFO Set transient with key razorpay_wc_order_id params order_id 551
2023-12-12T12:17:35+00:00 ERROR Could not enable webhook for localhost
2023-12-12T12:17:35+00:00 INFO getRazorpayPaymentParams 551
2023-12-12T12:17:35+00:00 INFO createOrGetRazorpayOrderId 551 and is1ccCheckout is set to no
2023-12-12T12:17:35+00:00 INFO Called createOrGetRazorpayOrderId with params orderId 551 and is_magic_checkout_order is set to no
2023-12-12T12:17:35+00:00 INFO razorpayOrderId  | sessionKey razorpay_order_id551
2023-12-12T12:17:35+00:00 INFO Called createRazorpayOrderId with params orderId 551 and sessionKey razorpay_order_id551
2023-12-12T12:17:35+00:00 INFO Called getOrderCreationData with params orderId 551
2023-12-12T12:17:35+00:00 INFO Called getOrderCreationData with params orderId 551 and is1ccOrder is set to no
2023-12-12T12:17:35+00:00 INFO For order 551
2023-12-12T12:17:35+00:00 INFO {"receipt":"551","amount":90000,"currency":"USD","payment_capture":1,"app_offer":0,"notes":{"woocommerce_order_number":"551"}}
2023-12-12T12:17:36+00:00 INFO For order session key razorpay_order_id551
2023-12-12T12:29:20+00:00 ERROR cURL error 6: Could not resolve host: api.razorpay.com
