2024-05-28T16:17:27+06:00 ERROR cURL error 35: OpenSSL SSL_connect: Connection reset by peer in connection to api.razorpay.com:443 
2024-05-28T16:17:42+06:00 ERROR cURL error 35: OpenSSL SSL_connect: Connection reset by peer in connection to api.razorpay.com:443 
2024-05-28T16:21:27+06:00 ERROR cURL error 35: OpenSSL SSL_connect: Connection reset by peer in connection to api.razorpay.com:443 
2024-05-28T16:21:45+06:00 ERROR cURL error 35: OpenSSL SSL_connect: Connection reset by peer in connection to api.razorpay.com:443 
2024-05-28T16:43:02+06:00 ERROR cURL error 35: OpenSSL SSL_connect: Connection reset by peer in connection to api.razorpay.com:443 
2024-05-28T16:43:05+06:00 ERROR cURL error 35: OpenSSL SSL_connect: Connection reset by peer in connection to api.razorpay.com:443 
2024-05-28T16:43:39+06:00 ERROR cURL error 35: OpenSSL SSL_connect: Connection reset by peer in connection to api.razorpay.com:443 
2024-05-28T16:43:49+06:00 ERROR cURL error 35: OpenSSL SSL_connect: Connection reset by peer in connection to api.razorpay.com:443 
2024-05-28T16:44:30+06:00 INFO Trying to create one_cc_address_sync_cron
2024-05-28T16:44:30+06:00 INFO Failed to create one_cc_address_sync_cron as invalid one cc merchant
2024-05-28T16:44:30+06:00 INFO Attempting to delete one_cc_address_sync_cron, status: cancelled, message: invalid_1cc_merchant
2024-05-28T16:44:30+06:00 INFO Deleted one_cc_address_sync_cron  if exists
2024-05-28T16:44:30+06:00 INFO updateAddressSyncCronData: status=cancelled, message=invalid_1cc_merchant, cronStatus=deleted
2024-05-28T16:44:30+06:00 INFO create one_cc_plugin_sync_cron successful
2024-05-28T16:44:55+06:00 ERROR cURL error 35: OpenSSL SSL_connect: Connection reset by peer in connection to api.razorpay.com:443 
2024-05-28T16:46:09+06:00 INFO Trying to create one_cc_address_sync_cron
2024-05-28T16:46:09+06:00 INFO Failed to create one_cc_address_sync_cron as invalid one cc merchant
2024-05-28T16:46:09+06:00 INFO Attempting to delete one_cc_address_sync_cron, status: cancelled, message: invalid_1cc_merchant
2024-05-28T16:46:09+06:00 INFO Deleted one_cc_address_sync_cron  if exists
2024-05-28T16:46:09+06:00 INFO updateAddressSyncCronData: status=cancelled, message=invalid_1cc_merchant, cronStatus=deleted
2024-05-28T16:46:09+06:00 INFO create one_cc_plugin_sync_cron successful
2024-05-28T16:49:55+06:00 ERROR cURL error 35: OpenSSL SSL_connect: Connection reset by peer in connection to api.razorpay.com:443 
2024-05-28T16:49:56+06:00 ERROR cURL error 35: OpenSSL SSL_connect: Connection reset by peer in connection to api.razorpay.com:443 
2024-05-28T16:50:09+06:00 ERROR cURL error 35: OpenSSL SSL_connect: Connection reset by peer in connection to api.razorpay.com:443 
2024-05-28T16:50:18+06:00 ERROR cURL error 35: OpenSSL SSL_connect: Connection reset by peer in connection to api.razorpay.com:443 
2024-05-28T16:50:32+06:00 ERROR cURL error 35: OpenSSL SSL_connect: Connection reset by peer in connection to api.razorpay.com:443 
2024-05-28T16:50:32+06:00 INFO Called process_payment with params order_id 709
2024-05-28T16:50:32+06:00 INFO Set transient with key razorpay_wc_order_id params order_id 709
2024-05-28T16:50:34+06:00 ERROR {"message":"cURL error 35: OpenSSL SSL_connect: Connection reset by peer in connection to api.razorpay.com:443 "}
2024-05-28T16:50:34+06:00 INFO getRazorpayPaymentParams 709
2024-05-28T16:50:34+06:00 INFO createOrGetRazorpayOrderId 709 and is1ccCheckout is set to no
2024-05-28T16:50:34+06:00 INFO Called createOrGetRazorpayOrderId with params orderId 709 and is_magic_checkout_order is set to no
2024-05-28T16:50:34+06:00 INFO razorpayOrderId  | sessionKey razorpay_order_id709
2024-05-28T16:50:34+06:00 INFO Called createRazorpayOrderId with params orderId 709 and sessionKey razorpay_order_id709
2024-05-28T16:50:34+06:00 INFO Called getOrderCreationData with params orderId 709
2024-05-28T16:50:34+06:00 INFO Called getOrderCreationData with params orderId 709 and is1ccOrder is set to no
2024-05-28T16:50:34+06:00 INFO For order 709
2024-05-28T16:50:34+06:00 INFO {"receipt":"709","amount":40000,"currency":"INR","payment_capture":1,"app_offer":0,"notes":{"woocommerce_order_number":"709"}}
2024-05-28T16:50:36+06:00 INFO For order session key razorpay_order_id709
2024-05-28T16:51:38+06:00 ERROR cURL error 35: OpenSSL SSL_connect: Connection reset by peer in connection to api.razorpay.com:443 
2024-05-28T16:51:39+06:00 INFO getRazorpayPaymentParams 709
2024-05-28T16:51:39+06:00 INFO createOrGetRazorpayOrderId 709 and is1ccCheckout is set to no
2024-05-28T16:51:39+06:00 INFO Called createOrGetRazorpayOrderId with params orderId 709 and is_magic_checkout_order is set to no
2024-05-28T16:51:39+06:00 INFO razorpayOrderId order_OFt2y9K2oFWzF4 | sessionKey razorpay_order_id709
2024-05-28T16:51:39+06:00 INFO Called verifyOrderAmount with params orderId 709 and rzporderId order_OFt2y9K2oFWzF4
2024-05-28T16:51:39+06:00 INFO Failed at verifyOrderAmount with cURL error 35: OpenSSL SSL_connect: Connection reset by peer in connection to api.razorpay.com:443 
2024-05-28T16:51:47+06:00 ERROR cURL error 35: OpenSSL SSL_connect: Connection reset by peer in connection to api.razorpay.com:443 
2024-05-28T16:51:54+06:00 ERROR cURL error 35: OpenSSL SSL_connect: Connection reset by peer in connection to api.razorpay.com:443 
2024-05-28T16:52:06+06:00 ERROR cURL error 35: OpenSSL SSL_connect: Connection reset by peer in connection to api.razorpay.com:443 
2024-05-28T16:52:44+06:00 ERROR cURL error 35: OpenSSL SSL_connect: Connection reset by peer in connection to api.razorpay.com:443 
2024-05-28T16:52:55+06:00 ERROR cURL error 35: OpenSSL SSL_connect: Connection reset by peer in connection to api.razorpay.com:443 
2024-05-28T16:52:58+06:00 ERROR cURL error 35: OpenSSL SSL_connect: Connection reset by peer in connection to api.razorpay.com:443 
2024-05-28T16:52:58+06:00 ERROR cURL error 35: OpenSSL SSL_connect: Connection reset by peer in connection to api.razorpay.com:443 
2024-05-28T16:52:59+06:00 ERROR cURL error 35: OpenSSL SSL_connect: Connection reset by peer in connection to api.razorpay.com:443 
