2024-09-04T12:42:49+06:00 INFO Execute one_cc_plugin_sync_cron successful
2024-09-04T12:42:49+06:00 ERROR Authentication failed
2024-09-04T12:46:23+06:00 ERROR Authentication failed
2024-09-04T12:46:28+06:00 ERROR Authentication failed
2024-09-04T12:46:42+06:00 ERROR Authentication failed
2024-09-04T12:46:50+06:00 ERROR Authentication failed
2024-09-04T12:46:56+06:00 ERROR Authentication failed
2024-09-04T12:47:06+06:00 ERROR Authentication failed
2024-09-04T12:47:10+06:00 ERROR Authentication failed
2024-09-04T12:47:16+06:00 ERROR Authentication failed
2024-09-04T12:47:27+06:00 ERROR Authentication failed
2024-09-04T12:47:33+06:00 ERROR Authentication failed
2024-09-04T12:47:37+06:00 ERROR Authentication failed
2024-09-04T12:47:49+06:00 ERROR Authentication failed
2024-09-04T12:47:53+06:00 ERROR Authentication failed
2024-09-04T12:47:57+06:00 ERROR Authentication failed
2024-09-04T12:48:00+06:00 ERROR Authentication failed
2024-09-04T12:48:05+06:00 ERROR Authentication failed
2024-09-04T12:48:38+06:00 ERROR Authentication failed
2024-09-04T12:48:38+06:00 ERROR Authentication failed
2024-09-04T13:04:31+06:00 ERROR Authentication failed
2024-09-04T13:04:44+06:00 ERROR Authentication failed
2024-09-04T13:04:59+06:00 ERROR Authentication failed
2024-09-04T13:08:25+06:00 ERROR Authentication failed
2024-09-04T13:08:36+06:00 INFO Trying to create one_cc_address_sync_cron
2024-09-04T13:08:36+06:00 INFO Failed to create one_cc_address_sync_cron as invalid one cc merchant
2024-09-04T13:08:36+06:00 INFO Attempting to delete one_cc_address_sync_cron, status: cancelled, message: invalid_1cc_merchant
2024-09-04T13:08:36+06:00 INFO Deleted one_cc_address_sync_cron  if exists
2024-09-04T13:08:36+06:00 INFO updateAddressSyncCronData: status=cancelled, message=invalid_1cc_merchant, cronStatus=deleted
2024-09-04T13:08:36+06:00 INFO create one_cc_plugin_sync_cron successful
2024-09-04T13:09:21+06:00 ERROR Authentication failed
2024-09-04T13:09:28+06:00 ERROR Authentication failed
2024-09-04T13:09:32+06:00 ERROR Authentication failed
2024-09-04T13:09:45+06:00 ERROR Authentication failed
2024-09-04T13:10:24+06:00 ERROR Authentication failed
2024-09-04T13:10:24+06:00 ERROR Authentication failed
2024-09-04T13:10:28+06:00 ERROR Authentication failed
2024-09-04T13:10:41+06:00 ERROR Authentication failed
2024-09-04T13:10:53+06:00 ERROR Authentication failed
2024-09-04T13:11:03+06:00 ERROR Authentication failed
2024-09-04T13:11:09+06:00 ERROR Authentication failed
2024-09-04T13:11:11+06:00 ERROR Authentication failed
2024-09-04T13:13:53+06:00 ERROR Authentication failed
2024-09-04T13:14:00+06:00 ERROR Authentication failed
2024-09-04T13:14:34+06:00 ERROR Authentication failed
2024-09-04T13:14:40+06:00 ERROR Authentication failed
2024-09-04T13:14:45+06:00 ERROR Authentication failed
2024-09-04T14:45:07+06:00 ERROR Authentication failed
2024-09-04T15:42:03+06:00 ERROR Authentication failed
