2024-09-09T11:11:24+06:00 ERROR Authentication failed
2024-09-09T11:11:31+06:00 ERROR Authentication failed
2024-09-09T12:49:38+06:00 ERROR Authentication failed
2024-09-09T12:49:45+06:00 ERROR Authentication failed
2024-09-09T16:24:08+06:00 ERROR Authentication failed
2024-09-09T16:24:14+06:00 ERROR Authentication failed
2024-09-09T16:26:10+06:00 ERROR Authentication failed
2024-09-09T16:26:19+06:00 ERROR Authentication failed
2024-09-09T16:27:56+06:00 ERROR Authentication failed
2024-09-09T16:29:18+06:00 ERROR Authentication failed
2024-09-09T16:29:49+06:00 INFO Trying to create one_cc_address_sync_cron
2024-09-09T16:29:49+06:00 INFO Failed to create one_cc_address_sync_cron as invalid one cc merchant
2024-09-09T16:29:49+06:00 INFO Attempting to delete one_cc_address_sync_cron, status: cancelled, message: invalid_1cc_merchant
2024-09-09T16:29:49+06:00 INFO Deleted one_cc_address_sync_cron  if exists
2024-09-09T16:29:49+06:00 INFO updateAddressSyncCronData: status=cancelled, message=invalid_1cc_merchant, cronStatus=deleted
2024-09-09T16:29:49+06:00 INFO create one_cc_plugin_sync_cron successful
2024-09-09T16:54:05+06:00 ERROR Authentication failed
2024-09-09T16:54:07+06:00 ERROR Authentication failed
2024-09-09T16:54:56+06:00 ERROR Authentication failed
2024-09-09T16:56:42+06:00 ERROR Authentication failed
2024-09-09T16:58:23+06:00 ERROR Authentication failed
2024-09-09T17:07:24+06:00 INFO Trying to create one_cc_address_sync_cron
2024-09-09T17:07:24+06:00 INFO Failed to create one_cc_address_sync_cron as invalid one cc merchant
2024-09-09T17:07:24+06:00 INFO Attempting to delete one_cc_address_sync_cron, status: cancelled, message: invalid_1cc_merchant
2024-09-09T17:07:24+06:00 INFO Deleted one_cc_address_sync_cron  if exists
2024-09-09T17:07:24+06:00 INFO updateAddressSyncCronData: status=cancelled, message=invalid_1cc_merchant, cronStatus=deleted
2024-09-09T17:07:24+06:00 INFO create one_cc_plugin_sync_cron successful
2024-09-09T17:08:29+06:00 ERROR Authentication failed
2024-09-09T17:08:33+06:00 ERROR Authentication failed
2024-09-09T17:09:50+06:00 ERROR Authentication failed
2024-09-09T17:10:16+06:00 ERROR Authentication failed
2024-09-09T17:10:16+06:00 ERROR Authentication failed
2024-09-09T17:10:18+06:00 ERROR Authentication failed
2024-09-09T17:10:25+06:00 ERROR Authentication failed
2024-09-09T17:13:38+06:00 ERROR Authentication failed
2024-09-09T17:15:27+06:00 ERROR Authentication failed
2024-09-09T17:22:47+06:00 ERROR Authentication failed
2024-09-09T17:22:50+06:00 ERROR Authentication failed
2024-09-09T17:23:08+06:00 ERROR Authentication failed
2024-09-09T17:23:30+06:00 ERROR Authentication failed
2024-09-09T17:23:30+06:00 ERROR Authentication failed
2024-09-09T17:23:41+06:00 ERROR Authentication failed
2024-09-09T17:23:47+06:00 ERROR Authentication failed
2024-09-09T17:23:53+06:00 ERROR Authentication failed
2024-09-09T17:24:08+06:00 ERROR Authentication failed
2024-09-09T17:24:15+06:00 ERROR Authentication failed
2024-09-09T17:24:27+06:00 ERROR Authentication failed
2024-09-09T17:24:28+06:00 ERROR Authentication failed
2024-09-09T17:24:31+06:00 ERROR Authentication failed
2024-09-09T17:24:36+06:00 ERROR Authentication failed
2024-09-09T17:29:07+06:00 ERROR Authentication failed
2024-09-09T17:30:02+06:00 ERROR Authentication failed
2024-09-09T17:30:11+06:00 ERROR Authentication failed
2024-09-09T17:30:15+06:00 ERROR Authentication failed
2024-09-09T17:33:39+06:00 ERROR Authentication failed
2024-09-09T17:33:51+06:00 ERROR Authentication failed
2024-09-09T17:33:57+06:00 ERROR Authentication failed
2024-09-09T17:33:58+06:00 ERROR Authentication failed
2024-09-09T17:34:01+06:00 ERROR Authentication failed
2024-09-09T17:43:00+06:00 ERROR Authentication failed
2024-09-09T17:44:04+06:00 ERROR Authentication failed
2024-09-09T17:47:49+06:00 ERROR Authentication failed
2024-09-09T17:56:57+06:00 ERROR Authentication failed
2024-09-09T17:57:01+06:00 ERROR Authentication failed
2024-09-09T17:57:03+06:00 ERROR Authentication failed
2024-09-09T17:57:09+06:00 ERROR Authentication failed
2024-09-09T18:17:42+06:00 ERROR Authentication failed
2024-09-09T18:17:53+06:00 ERROR Authentication failed
2024-09-09T18:27:39+06:00 ERROR Authentication failed
