2024-09-03T19:07:58+06:00 ERROR Authentication failed
2024-09-03T19:08:06+06:00 ERROR Authentication failed
2024-09-03T19:08:13+06:00 ERROR Authentication failed
2024-09-03T19:08:26+06:00 ERROR Authentication failed
2024-09-03T19:08:50+06:00 ERROR Authentication failed
2024-09-03T19:09:08+06:00 ERROR Authentication failed
2024-09-03T19:10:43+06:00 ERROR Authentication failed
2024-09-03T19:11:10+06:00 ERROR Authentication failed
2024-09-03T19:12:05+06:00 INFO Trying to create one_cc_address_sync_cron
2024-09-03T19:12:05+06:00 INFO Failed to create one_cc_address_sync_cron as invalid one cc merchant
2024-09-03T19:12:05+06:00 INFO Attempting to delete one_cc_address_sync_cron, status: cancelled, message: invalid_1cc_merchant
2024-09-03T19:12:05+06:00 INFO Deleted one_cc_address_sync_cron  if exists
2024-09-03T19:12:05+06:00 INFO updateAddressSyncCronData: status=cancelled, message=invalid_1cc_merchant, cronStatus=deleted
2024-09-03T19:12:05+06:00 INFO create one_cc_plugin_sync_cron successful
2024-09-03T19:12:16+06:00 ERROR Authentication failed
2024-09-03T19:12:19+06:00 INFO Trying to create one_cc_address_sync_cron
2024-09-03T19:12:19+06:00 INFO Failed to create one_cc_address_sync_cron as invalid one cc merchant
2024-09-03T19:12:19+06:00 INFO Attempting to delete one_cc_address_sync_cron, status: cancelled, message: invalid_1cc_merchant
2024-09-03T19:12:19+06:00 INFO Deleted one_cc_address_sync_cron  if exists
2024-09-03T19:12:19+06:00 INFO updateAddressSyncCronData: status=cancelled, message=invalid_1cc_merchant, cronStatus=deleted
2024-09-03T19:12:19+06:00 INFO create one_cc_plugin_sync_cron successful
2024-09-03T19:12:37+06:00 ERROR Authentication failed
2024-09-03T19:12:37+06:00 ERROR Authentication failed
2024-09-03T19:13:00+06:00 INFO Trying to create one_cc_address_sync_cron
2024-09-03T19:13:00+06:00 INFO Failed to create one_cc_address_sync_cron as invalid one cc merchant
2024-09-03T19:13:00+06:00 INFO Attempting to delete one_cc_address_sync_cron, status: cancelled, message: invalid_1cc_merchant
2024-09-03T19:13:00+06:00 INFO Deleted one_cc_address_sync_cron  if exists
2024-09-03T19:13:00+06:00 INFO updateAddressSyncCronData: status=cancelled, message=invalid_1cc_merchant, cronStatus=deleted
2024-09-03T19:13:00+06:00 INFO create one_cc_plugin_sync_cron successful
2024-09-03T19:13:10+06:00 INFO Trying to create one_cc_address_sync_cron
2024-09-03T19:13:10+06:00 INFO Failed to create one_cc_address_sync_cron as invalid one cc merchant
2024-09-03T19:13:10+06:00 INFO Attempting to delete one_cc_address_sync_cron, status: cancelled, message: invalid_1cc_merchant
2024-09-03T19:13:10+06:00 INFO Deleted one_cc_address_sync_cron  if exists
2024-09-03T19:13:10+06:00 INFO updateAddressSyncCronData: status=cancelled, message=invalid_1cc_merchant, cronStatus=deleted
2024-09-03T19:13:10+06:00 INFO create one_cc_plugin_sync_cron successful
2024-09-03T19:13:24+06:00 INFO Trying to create one_cc_address_sync_cron
2024-09-03T19:13:24+06:00 INFO Failed to create one_cc_address_sync_cron as invalid one cc merchant
2024-09-03T19:13:24+06:00 INFO Attempting to delete one_cc_address_sync_cron, status: cancelled, message: invalid_1cc_merchant
2024-09-03T19:13:24+06:00 INFO Deleted one_cc_address_sync_cron  if exists
2024-09-03T19:13:24+06:00 INFO updateAddressSyncCronData: status=cancelled, message=invalid_1cc_merchant, cronStatus=deleted
2024-09-03T19:13:24+06:00 INFO create one_cc_plugin_sync_cron successful
2024-09-03T19:13:36+06:00 INFO Trying to create one_cc_address_sync_cron
2024-09-03T19:13:36+06:00 INFO Failed to create one_cc_address_sync_cron as invalid one cc merchant
2024-09-03T19:13:36+06:00 INFO Attempting to delete one_cc_address_sync_cron, status: cancelled, message: invalid_1cc_merchant
2024-09-03T19:13:36+06:00 INFO Deleted one_cc_address_sync_cron  if exists
2024-09-03T19:13:36+06:00 INFO updateAddressSyncCronData: status=cancelled, message=invalid_1cc_merchant, cronStatus=deleted
2024-09-03T19:13:36+06:00 INFO create one_cc_plugin_sync_cron successful
2024-09-03T19:13:49+06:00 INFO Trying to create one_cc_address_sync_cron
2024-09-03T19:13:49+06:00 INFO Failed to create one_cc_address_sync_cron as invalid one cc merchant
2024-09-03T19:13:49+06:00 INFO Attempting to delete one_cc_address_sync_cron, status: cancelled, message: invalid_1cc_merchant
2024-09-03T19:13:49+06:00 INFO Deleted one_cc_address_sync_cron  if exists
2024-09-03T19:13:49+06:00 INFO updateAddressSyncCronData: status=cancelled, message=invalid_1cc_merchant, cronStatus=deleted
2024-09-03T19:13:49+06:00 INFO create one_cc_plugin_sync_cron successful
2024-09-03T19:14:57+06:00 INFO Trying to create one_cc_address_sync_cron
2024-09-03T19:14:57+06:00 INFO Failed to create one_cc_address_sync_cron as invalid one cc merchant
2024-09-03T19:14:57+06:00 INFO Attempting to delete one_cc_address_sync_cron, status: cancelled, message: invalid_1cc_merchant
2024-09-03T19:14:57+06:00 INFO Deleted one_cc_address_sync_cron  if exists
2024-09-03T19:14:57+06:00 INFO updateAddressSyncCronData: status=cancelled, message=invalid_1cc_merchant, cronStatus=deleted
2024-09-03T19:14:57+06:00 INFO create one_cc_plugin_sync_cron successful
2024-09-03T19:15:16+06:00 INFO Trying to create one_cc_address_sync_cron
2024-09-03T19:15:16+06:00 INFO Failed to create one_cc_address_sync_cron as invalid one cc merchant
2024-09-03T19:15:16+06:00 INFO Attempting to delete one_cc_address_sync_cron, status: cancelled, message: invalid_1cc_merchant
2024-09-03T19:15:16+06:00 INFO Deleted one_cc_address_sync_cron  if exists
2024-09-03T19:15:16+06:00 INFO updateAddressSyncCronData: status=cancelled, message=invalid_1cc_merchant, cronStatus=deleted
2024-09-03T19:15:16+06:00 INFO create one_cc_plugin_sync_cron successful
2024-09-03T19:15:25+06:00 INFO Trying to create one_cc_address_sync_cron
2024-09-03T19:15:25+06:00 INFO Failed to create one_cc_address_sync_cron as invalid one cc merchant
2024-09-03T19:15:25+06:00 INFO Attempting to delete one_cc_address_sync_cron, status: cancelled, message: invalid_1cc_merchant
2024-09-03T19:15:25+06:00 INFO Deleted one_cc_address_sync_cron  if exists
2024-09-03T19:15:25+06:00 INFO updateAddressSyncCronData: status=cancelled, message=invalid_1cc_merchant, cronStatus=deleted
2024-09-03T19:15:25+06:00 INFO create one_cc_plugin_sync_cron successful
2024-09-03T19:15:36+06:00 INFO Trying to create one_cc_address_sync_cron
2024-09-03T19:15:36+06:00 INFO Failed to create one_cc_address_sync_cron as invalid one cc merchant
2024-09-03T19:15:36+06:00 INFO Attempting to delete one_cc_address_sync_cron, status: cancelled, message: invalid_1cc_merchant
2024-09-03T19:15:36+06:00 INFO Deleted one_cc_address_sync_cron  if exists
2024-09-03T19:15:36+06:00 INFO updateAddressSyncCronData: status=cancelled, message=invalid_1cc_merchant, cronStatus=deleted
2024-09-03T19:15:36+06:00 INFO create one_cc_plugin_sync_cron successful
2024-09-03T19:15:45+06:00 INFO Trying to create one_cc_address_sync_cron
2024-09-03T19:15:45+06:00 INFO Failed to create one_cc_address_sync_cron as invalid one cc merchant
2024-09-03T19:15:45+06:00 INFO Attempting to delete one_cc_address_sync_cron, status: cancelled, message: invalid_1cc_merchant
2024-09-03T19:15:45+06:00 INFO Deleted one_cc_address_sync_cron  if exists
2024-09-03T19:15:45+06:00 INFO updateAddressSyncCronData: status=cancelled, message=invalid_1cc_merchant, cronStatus=deleted
2024-09-03T19:15:45+06:00 INFO create one_cc_plugin_sync_cron successful
2024-09-03T19:15:58+06:00 INFO Trying to create one_cc_address_sync_cron
2024-09-03T19:15:58+06:00 INFO Failed to create one_cc_address_sync_cron as invalid one cc merchant
2024-09-03T19:15:58+06:00 INFO Attempting to delete one_cc_address_sync_cron, status: cancelled, message: invalid_1cc_merchant
2024-09-03T19:15:58+06:00 INFO Deleted one_cc_address_sync_cron  if exists
2024-09-03T19:15:58+06:00 INFO updateAddressSyncCronData: status=cancelled, message=invalid_1cc_merchant, cronStatus=deleted
2024-09-03T19:15:58+06:00 INFO create one_cc_plugin_sync_cron successful
2024-09-03T19:16:09+06:00 INFO Trying to create one_cc_address_sync_cron
2024-09-03T19:16:09+06:00 INFO Failed to create one_cc_address_sync_cron as invalid one cc merchant
2024-09-03T19:16:09+06:00 INFO Attempting to delete one_cc_address_sync_cron, status: cancelled, message: invalid_1cc_merchant
2024-09-03T19:16:09+06:00 INFO Deleted one_cc_address_sync_cron  if exists
2024-09-03T19:16:09+06:00 INFO updateAddressSyncCronData: status=cancelled, message=invalid_1cc_merchant, cronStatus=deleted
2024-09-03T19:16:09+06:00 INFO create one_cc_plugin_sync_cron successful
2024-09-03T19:16:31+06:00 INFO Trying to create one_cc_address_sync_cron
2024-09-03T19:16:31+06:00 INFO Failed to create one_cc_address_sync_cron as invalid one cc merchant
2024-09-03T19:16:31+06:00 INFO Attempting to delete one_cc_address_sync_cron, status: cancelled, message: invalid_1cc_merchant
2024-09-03T19:16:31+06:00 INFO Deleted one_cc_address_sync_cron  if exists
2024-09-03T19:16:31+06:00 INFO updateAddressSyncCronData: status=cancelled, message=invalid_1cc_merchant, cronStatus=deleted
2024-09-03T19:16:31+06:00 INFO create one_cc_plugin_sync_cron successful
2024-09-03T19:16:43+06:00 INFO Trying to create one_cc_address_sync_cron
2024-09-03T19:16:43+06:00 INFO Failed to create one_cc_address_sync_cron as invalid one cc merchant
2024-09-03T19:16:43+06:00 INFO Attempting to delete one_cc_address_sync_cron, status: cancelled, message: invalid_1cc_merchant
2024-09-03T19:16:43+06:00 INFO Deleted one_cc_address_sync_cron  if exists
2024-09-03T19:16:43+06:00 INFO updateAddressSyncCronData: status=cancelled, message=invalid_1cc_merchant, cronStatus=deleted
2024-09-03T19:16:43+06:00 INFO create one_cc_plugin_sync_cron successful
2024-09-03T19:16:53+06:00 INFO Trying to create one_cc_address_sync_cron
2024-09-03T19:16:53+06:00 INFO Failed to create one_cc_address_sync_cron as invalid one cc merchant
2024-09-03T19:16:53+06:00 INFO Attempting to delete one_cc_address_sync_cron, status: cancelled, message: invalid_1cc_merchant
2024-09-03T19:16:53+06:00 INFO Deleted one_cc_address_sync_cron  if exists
2024-09-03T19:16:53+06:00 INFO updateAddressSyncCronData: status=cancelled, message=invalid_1cc_merchant, cronStatus=deleted
2024-09-03T19:16:53+06:00 INFO create one_cc_plugin_sync_cron successful
2024-09-03T19:17:04+06:00 INFO Trying to create one_cc_address_sync_cron
2024-09-03T19:17:04+06:00 INFO Failed to create one_cc_address_sync_cron as invalid one cc merchant
2024-09-03T19:17:04+06:00 INFO Attempting to delete one_cc_address_sync_cron, status: cancelled, message: invalid_1cc_merchant
2024-09-03T19:17:04+06:00 INFO Deleted one_cc_address_sync_cron  if exists
2024-09-03T19:17:04+06:00 INFO updateAddressSyncCronData: status=cancelled, message=invalid_1cc_merchant, cronStatus=deleted
2024-09-03T19:17:04+06:00 INFO create one_cc_plugin_sync_cron successful
2024-09-03T19:17:15+06:00 INFO Trying to create one_cc_address_sync_cron
2024-09-03T19:17:15+06:00 INFO Failed to create one_cc_address_sync_cron as invalid one cc merchant
2024-09-03T19:17:15+06:00 INFO Attempting to delete one_cc_address_sync_cron, status: cancelled, message: invalid_1cc_merchant
2024-09-03T19:17:15+06:00 INFO Deleted one_cc_address_sync_cron  if exists
2024-09-03T19:17:15+06:00 INFO updateAddressSyncCronData: status=cancelled, message=invalid_1cc_merchant, cronStatus=deleted
2024-09-03T19:17:15+06:00 INFO create one_cc_plugin_sync_cron successful
2024-09-03T19:17:24+06:00 INFO Trying to create one_cc_address_sync_cron
2024-09-03T19:17:24+06:00 INFO Failed to create one_cc_address_sync_cron as invalid one cc merchant
2024-09-03T19:17:24+06:00 INFO Attempting to delete one_cc_address_sync_cron, status: cancelled, message: invalid_1cc_merchant
2024-09-03T19:17:24+06:00 INFO Deleted one_cc_address_sync_cron  if exists
2024-09-03T19:17:24+06:00 INFO updateAddressSyncCronData: status=cancelled, message=invalid_1cc_merchant, cronStatus=deleted
2024-09-03T19:17:24+06:00 INFO create one_cc_plugin_sync_cron successful
2024-09-03T19:17:35+06:00 INFO Trying to create one_cc_address_sync_cron
2024-09-03T19:17:35+06:00 INFO Failed to create one_cc_address_sync_cron as invalid one cc merchant
2024-09-03T19:17:35+06:00 INFO Attempting to delete one_cc_address_sync_cron, status: cancelled, message: invalid_1cc_merchant
2024-09-03T19:17:35+06:00 INFO Deleted one_cc_address_sync_cron  if exists
2024-09-03T19:17:35+06:00 INFO updateAddressSyncCronData: status=cancelled, message=invalid_1cc_merchant, cronStatus=deleted
2024-09-03T19:17:35+06:00 INFO create one_cc_plugin_sync_cron successful
2024-09-03T19:17:45+06:00 INFO Trying to create one_cc_address_sync_cron
2024-09-03T19:17:45+06:00 INFO Failed to create one_cc_address_sync_cron as invalid one cc merchant
2024-09-03T19:17:45+06:00 INFO Attempting to delete one_cc_address_sync_cron, status: cancelled, message: invalid_1cc_merchant
2024-09-03T19:17:45+06:00 INFO Deleted one_cc_address_sync_cron  if exists
2024-09-03T19:17:45+06:00 INFO updateAddressSyncCronData: status=cancelled, message=invalid_1cc_merchant, cronStatus=deleted
2024-09-03T19:17:45+06:00 INFO create one_cc_plugin_sync_cron successful
2024-09-03T19:18:19+06:00 ERROR Authentication failed
2024-09-03T19:19:06+06:00 ERROR Authentication failed
2024-09-03T19:19:06+06:00 ERROR Authentication failed
2024-09-03T19:33:57+06:00 ERROR Authentication failed
2024-09-03T19:37:16+06:00 ERROR Authentication failed
2024-09-03T19:38:02+06:00 INFO Trying to create one_cc_address_sync_cron
2024-09-03T19:38:02+06:00 INFO Failed to create one_cc_address_sync_cron as invalid one cc merchant
2024-09-03T19:38:02+06:00 INFO Attempting to delete one_cc_address_sync_cron, status: cancelled, message: invalid_1cc_merchant
2024-09-03T19:38:02+06:00 INFO Deleted one_cc_address_sync_cron  if exists
2024-09-03T19:38:02+06:00 INFO updateAddressSyncCronData: status=cancelled, message=invalid_1cc_merchant, cronStatus=deleted
2024-09-03T19:38:02+06:00 INFO create one_cc_plugin_sync_cron successful
2024-09-03T19:38:09+06:00 ERROR Authentication failed
2024-09-03T19:38:16+06:00 ERROR Authentication failed
2024-09-03T19:38:20+06:00 ERROR Authentication failed
2024-09-03T19:38:21+06:00 ERROR Authentication failed
2024-09-03T19:38:27+06:00 ERROR Authentication failed
2024-09-03T19:39:00+06:00 ERROR Authentication failed
2024-09-03T19:40:04+06:00 ERROR Authentication failed
2024-09-03T19:40:19+06:00 ERROR Authentication failed
2024-09-03T19:40:21+06:00 ERROR Authentication failed
2024-09-03T19:41:43+06:00 ERROR Authentication failed
2024-09-03T19:49:39+06:00 ERROR Authentication failed
