2023-12-13T10:17:47+00:00 INFO Trying to create one_cc_address_sync_cron
2023-12-13T10:17:47+00:00 INFO Failed to create one_cc_address_sync_cron as invalid one cc merchant
2023-12-13T10:17:47+00:00 INFO Attempting to delete one_cc_address_sync_cron, status: cancelled, message: invalid_1cc_merchant
2023-12-13T10:17:47+00:00 INFO Deleted one_cc_address_sync_cron  if exists
2023-12-13T10:17:47+00:00 INFO updateAddressSyncCronData: status=cancelled, message=invalid_1cc_merchant, cronStatus=deleted
2023-12-13T10:17:47+00:00 INFO create one_cc_plugin_sync_cron successful
2023-12-13T10:17:57+00:00 INFO Trying to create one_cc_address_sync_cron
2023-12-13T10:17:57+00:00 INFO Failed to create one_cc_address_sync_cron as invalid one cc merchant
2023-12-13T10:17:57+00:00 INFO Attempting to delete one_cc_address_sync_cron, status: cancelled, message: invalid_1cc_merchant
2023-12-13T10:17:57+00:00 INFO Deleted one_cc_address_sync_cron  if exists
2023-12-13T10:17:57+00:00 INFO updateAddressSyncCronData: status=cancelled, message=invalid_1cc_merchant, cronStatus=deleted
2023-12-13T10:17:57+00:00 INFO create one_cc_plugin_sync_cron successful
2023-12-13T10:18:08+00:00 INFO Trying to create one_cc_address_sync_cron
2023-12-13T10:18:08+00:00 INFO Failed to create one_cc_address_sync_cron as invalid one cc merchant
2023-12-13T10:18:08+00:00 INFO Attempting to delete one_cc_address_sync_cron, status: cancelled, message: invalid_1cc_merchant
2023-12-13T10:18:08+00:00 INFO Deleted one_cc_address_sync_cron  if exists
2023-12-13T10:18:08+00:00 INFO updateAddressSyncCronData: status=cancelled, message=invalid_1cc_merchant, cronStatus=deleted
2023-12-13T10:18:08+00:00 INFO create one_cc_plugin_sync_cron successful
2023-12-13T10:18:21+00:00 INFO Trying to create one_cc_address_sync_cron
2023-12-13T10:18:21+00:00 INFO Failed to create one_cc_address_sync_cron as invalid one cc merchant
2023-12-13T10:18:21+00:00 INFO Attempting to delete one_cc_address_sync_cron, status: cancelled, message: invalid_1cc_merchant
2023-12-13T10:18:21+00:00 INFO Deleted one_cc_address_sync_cron  if exists
2023-12-13T10:18:21+00:00 INFO updateAddressSyncCronData: status=cancelled, message=invalid_1cc_merchant, cronStatus=deleted
2023-12-13T10:18:21+00:00 INFO create one_cc_plugin_sync_cron successful
2023-12-13T10:18:32+00:00 INFO Trying to create one_cc_address_sync_cron
2023-12-13T10:18:32+00:00 INFO Failed to create one_cc_address_sync_cron as invalid one cc merchant
2023-12-13T10:18:32+00:00 INFO Attempting to delete one_cc_address_sync_cron, status: cancelled, message: invalid_1cc_merchant
2023-12-13T10:18:32+00:00 INFO Deleted one_cc_address_sync_cron  if exists
2023-12-13T10:18:32+00:00 INFO updateAddressSyncCronData: status=cancelled, message=invalid_1cc_merchant, cronStatus=deleted
2023-12-13T10:18:32+00:00 INFO create one_cc_plugin_sync_cron successful
2023-12-13T10:18:45+00:00 INFO Trying to create one_cc_address_sync_cron
2023-12-13T10:18:45+00:00 INFO Failed to create one_cc_address_sync_cron as invalid one cc merchant
2023-12-13T10:18:45+00:00 INFO Attempting to delete one_cc_address_sync_cron, status: cancelled, message: invalid_1cc_merchant
2023-12-13T10:18:45+00:00 INFO Deleted one_cc_address_sync_cron  if exists
2023-12-13T10:18:45+00:00 INFO updateAddressSyncCronData: status=cancelled, message=invalid_1cc_merchant, cronStatus=deleted
2023-12-13T10:18:45+00:00 INFO create one_cc_plugin_sync_cron successful
2023-12-13T10:19:41+00:00 INFO Trying to create one_cc_address_sync_cron
2023-12-13T10:19:41+00:00 INFO Failed to create one_cc_address_sync_cron as invalid one cc merchant
2023-12-13T10:19:41+00:00 INFO Attempting to delete one_cc_address_sync_cron, status: cancelled, message: invalid_1cc_merchant
2023-12-13T10:19:41+00:00 INFO Deleted one_cc_address_sync_cron  if exists
2023-12-13T10:19:41+00:00 INFO updateAddressSyncCronData: status=cancelled, message=invalid_1cc_merchant, cronStatus=deleted
2023-12-13T10:19:41+00:00 INFO create one_cc_plugin_sync_cron successful
2023-12-13T10:19:53+00:00 INFO Trying to create one_cc_address_sync_cron
2023-12-13T10:19:53+00:00 INFO Failed to create one_cc_address_sync_cron as invalid one cc merchant
2023-12-13T10:19:53+00:00 INFO Attempting to delete one_cc_address_sync_cron, status: cancelled, message: invalid_1cc_merchant
2023-12-13T10:19:53+00:00 INFO Deleted one_cc_address_sync_cron  if exists
2023-12-13T10:19:53+00:00 INFO updateAddressSyncCronData: status=cancelled, message=invalid_1cc_merchant, cronStatus=deleted
2023-12-13T10:19:53+00:00 INFO create one_cc_plugin_sync_cron successful
2023-12-13T10:20:03+00:00 INFO Trying to create one_cc_address_sync_cron
2023-12-13T10:20:03+00:00 INFO Failed to create one_cc_address_sync_cron as invalid one cc merchant
2023-12-13T10:20:03+00:00 INFO Attempting to delete one_cc_address_sync_cron, status: cancelled, message: invalid_1cc_merchant
2023-12-13T10:20:03+00:00 INFO Deleted one_cc_address_sync_cron  if exists
2023-12-13T10:20:03+00:00 INFO updateAddressSyncCronData: status=cancelled, message=invalid_1cc_merchant, cronStatus=deleted
2023-12-13T10:20:03+00:00 INFO create one_cc_plugin_sync_cron successful
2023-12-13T10:20:13+00:00 INFO Trying to create one_cc_address_sync_cron
2023-12-13T10:20:13+00:00 INFO Failed to create one_cc_address_sync_cron as invalid one cc merchant
2023-12-13T10:20:13+00:00 INFO Attempting to delete one_cc_address_sync_cron, status: cancelled, message: invalid_1cc_merchant
2023-12-13T10:20:13+00:00 INFO Deleted one_cc_address_sync_cron  if exists
2023-12-13T10:20:13+00:00 INFO updateAddressSyncCronData: status=cancelled, message=invalid_1cc_merchant, cronStatus=deleted
2023-12-13T10:20:13+00:00 INFO create one_cc_plugin_sync_cron successful
2023-12-13T10:20:24+00:00 INFO Trying to create one_cc_address_sync_cron
2023-12-13T10:20:24+00:00 INFO Failed to create one_cc_address_sync_cron as invalid one cc merchant
2023-12-13T10:20:24+00:00 INFO Attempting to delete one_cc_address_sync_cron, status: cancelled, message: invalid_1cc_merchant
2023-12-13T10:20:24+00:00 INFO Deleted one_cc_address_sync_cron  if exists
2023-12-13T10:20:24+00:00 INFO updateAddressSyncCronData: status=cancelled, message=invalid_1cc_merchant, cronStatus=deleted
2023-12-13T10:20:24+00:00 INFO create one_cc_plugin_sync_cron successful
2023-12-13T10:20:38+00:00 INFO Trying to create one_cc_address_sync_cron
2023-12-13T10:20:38+00:00 INFO Failed to create one_cc_address_sync_cron as invalid one cc merchant
2023-12-13T10:20:38+00:00 INFO Attempting to delete one_cc_address_sync_cron, status: cancelled, message: invalid_1cc_merchant
2023-12-13T10:20:38+00:00 INFO Deleted one_cc_address_sync_cron  if exists
2023-12-13T10:20:38+00:00 INFO updateAddressSyncCronData: status=cancelled, message=invalid_1cc_merchant, cronStatus=deleted
2023-12-13T10:20:38+00:00 INFO create one_cc_plugin_sync_cron successful
2023-12-13T10:20:50+00:00 INFO Trying to create one_cc_address_sync_cron
2023-12-13T10:20:50+00:00 INFO Failed to create one_cc_address_sync_cron as invalid one cc merchant
2023-12-13T10:20:50+00:00 INFO Attempting to delete one_cc_address_sync_cron, status: cancelled, message: invalid_1cc_merchant
2023-12-13T10:20:50+00:00 INFO Deleted one_cc_address_sync_cron  if exists
2023-12-13T10:20:50+00:00 INFO updateAddressSyncCronData: status=cancelled, message=invalid_1cc_merchant, cronStatus=deleted
2023-12-13T10:20:50+00:00 INFO create one_cc_plugin_sync_cron successful
2023-12-13T10:21:06+00:00 INFO Trying to create one_cc_address_sync_cron
2023-12-13T10:21:06+00:00 INFO Failed to create one_cc_address_sync_cron as invalid one cc merchant
2023-12-13T10:21:06+00:00 INFO Attempting to delete one_cc_address_sync_cron, status: cancelled, message: invalid_1cc_merchant
2023-12-13T10:21:06+00:00 INFO Deleted one_cc_address_sync_cron  if exists
2023-12-13T10:21:06+00:00 INFO updateAddressSyncCronData: status=cancelled, message=invalid_1cc_merchant, cronStatus=deleted
2023-12-13T10:21:06+00:00 INFO create one_cc_plugin_sync_cron successful
2023-12-13T10:21:19+00:00 INFO Trying to create one_cc_address_sync_cron
2023-12-13T10:21:19+00:00 INFO Failed to create one_cc_address_sync_cron as invalid one cc merchant
2023-12-13T10:21:19+00:00 INFO Attempting to delete one_cc_address_sync_cron, status: cancelled, message: invalid_1cc_merchant
2023-12-13T10:21:19+00:00 INFO Deleted one_cc_address_sync_cron  if exists
2023-12-13T10:21:19+00:00 INFO updateAddressSyncCronData: status=cancelled, message=invalid_1cc_merchant, cronStatus=deleted
2023-12-13T10:21:19+00:00 INFO create one_cc_plugin_sync_cron successful
2023-12-13T10:21:47+00:00 INFO Trying to create one_cc_address_sync_cron
2023-12-13T10:21:47+00:00 INFO Failed to create one_cc_address_sync_cron as invalid one cc merchant
2023-12-13T10:21:47+00:00 INFO Attempting to delete one_cc_address_sync_cron, status: cancelled, message: invalid_1cc_merchant
2023-12-13T10:21:47+00:00 INFO Deleted one_cc_address_sync_cron  if exists
2023-12-13T10:21:47+00:00 INFO updateAddressSyncCronData: status=cancelled, message=invalid_1cc_merchant, cronStatus=deleted
2023-12-13T10:21:47+00:00 INFO create one_cc_plugin_sync_cron successful
2023-12-13T10:22:04+00:00 INFO Trying to create one_cc_address_sync_cron
2023-12-13T10:22:04+00:00 INFO Failed to create one_cc_address_sync_cron as invalid one cc merchant
2023-12-13T10:22:04+00:00 INFO Attempting to delete one_cc_address_sync_cron, status: cancelled, message: invalid_1cc_merchant
2023-12-13T10:22:04+00:00 INFO Deleted one_cc_address_sync_cron  if exists
2023-12-13T10:22:04+00:00 INFO updateAddressSyncCronData: status=cancelled, message=invalid_1cc_merchant, cronStatus=deleted
2023-12-13T10:22:04+00:00 INFO create one_cc_plugin_sync_cron successful
2023-12-13T10:23:51+00:00 INFO Trying to create one_cc_address_sync_cron
2023-12-13T10:23:51+00:00 INFO Failed to create one_cc_address_sync_cron as invalid one cc merchant
2023-12-13T10:23:51+00:00 INFO Attempting to delete one_cc_address_sync_cron, status: cancelled, message: invalid_1cc_merchant
2023-12-13T10:23:51+00:00 INFO Deleted one_cc_address_sync_cron  if exists
2023-12-13T10:23:51+00:00 INFO updateAddressSyncCronData: status=cancelled, message=invalid_1cc_merchant, cronStatus=deleted
2023-12-13T10:23:51+00:00 INFO create one_cc_plugin_sync_cron successful
2023-12-13T10:33:25+00:00 ERROR cURL error 6: Could not resolve host: api.razorpay.com
2023-12-13T10:33:37+00:00 INFO Trying to create one_cc_address_sync_cron
2023-12-13T10:33:37+00:00 INFO Failed to create one_cc_address_sync_cron as invalid one cc merchant
2023-12-13T10:33:37+00:00 INFO Attempting to delete one_cc_address_sync_cron, status: cancelled, message: invalid_1cc_merchant
2023-12-13T10:33:37+00:00 INFO Deleted one_cc_address_sync_cron  if exists
2023-12-13T10:33:37+00:00 INFO updateAddressSyncCronData: status=cancelled, message=invalid_1cc_merchant, cronStatus=deleted
2023-12-13T10:33:37+00:00 INFO create one_cc_plugin_sync_cron successful
